mode: set
github.com/bradobro/gu/report.go:43.28,45.2 1 1
github.com/bradobro/gu/report.go:47.52,49.17 2 1
github.com/bradobro/gu/report.go:58.2,58.8 1 1
github.com/bradobro/gu/report.go:49.17,52.3 2 1
github.com/bradobro/gu/report.go:52.3,54.3 1 1
github.com/bradobro/gu/report.go:62.65,65.2 2 1
github.com/bradobro/gu/report.go:74.66,76.2 1 1
github.com/bradobro/gu/report.go:79.45,81.2 1 1
github.com/bradobro/gu/report.go:84.74,85.15 1 1
github.com/bradobro/gu/report.go:88.2,90.19 3 1
github.com/bradobro/gu/report.go:93.2,93.19 1 1
github.com/bradobro/gu/report.go:96.2,96.8 1 1
github.com/bradobro/gu/report.go:85.15,87.3 1 1
github.com/bradobro/gu/report.go:90.19,92.3 1 1
github.com/bradobro/gu/report.go:93.19,95.3 1 1
github.com/bradobro/gu/report.go:102.78,106.32 4 1
github.com/bradobro/gu/report.go:109.2,111.21 3 1
github.com/bradobro/gu/report.go:114.2,114.21 1 1
github.com/bradobro/gu/report.go:117.2,117.22 1 1
github.com/bradobro/gu/report.go:120.2,121.19 2 1
github.com/bradobro/gu/report.go:124.2,124.14 1 1
github.com/bradobro/gu/report.go:106.32,108.3 1 1
github.com/bradobro/gu/report.go:111.21,113.3 1 1
github.com/bradobro/gu/report.go:114.21,116.3 1 1
github.com/bradobro/gu/report.go:117.22,119.3 1 1
github.com/bradobro/gu/report.go:121.19,123.3 1 1
github.com/bradobro/gu/report.go:128.85,129.28 1 1
github.com/bradobro/gu/report.go:132.2,132.37 1 1
github.com/bradobro/gu/report.go:129.28,131.3 1 1
github.com/bradobro/gu/report.go:136.99,137.28 1 1
github.com/bradobro/gu/report.go:140.2,140.17 1 1
github.com/bradobro/gu/report.go:143.2,143.30 1 1
github.com/bradobro/gu/report.go:146.2,146.8 1 1
github.com/bradobro/gu/report.go:137.28,139.3 1 1
github.com/bradobro/gu/report.go:140.17,142.3 1 1
github.com/bradobro/gu/report.go:143.30,145.3 1 1
github.com/bradobro/gu/report.go:153.65,155.35 2 1
github.com/bradobro/gu/report.go:162.2,162.8 1 1
github.com/bradobro/gu/report.go:155.35,157.10 2 1
github.com/bradobro/gu/report.go:160.3,160.45 1 1
github.com/bradobro/gu/report.go:157.10,158.12 1 1
github.com/bradobro/gu/report.go:167.35,168.65 1 1
github.com/bradobro/gu/report.go:171.2,171.31 1 1
github.com/bradobro/gu/report.go:168.65,170.3 1 1
github.com/bradobro/gu/assert.go:31.77,40.2 2 1
github.com/bradobro/gu/assert.go:44.93,47.16 2 1
github.com/bradobro/gu/assert.go:50.2,51.21 2 1
github.com/bradobro/gu/assert.go:47.16,49.3 1 1
github.com/bradobro/gu/assert.go:51.21,54.3 2 1
github.com/bradobro/gu/assert.go:58.79,60.2 1 1
github.com/bradobro/gu/assertions.go:11.39,13.29 1 1
github.com/bradobro/gu/assertions.go:16.2,16.36 1 1
github.com/bradobro/gu/assertions.go:13.29,15.3 1 1
github.com/bradobro/gu/assertions.go:27.53,28.27 1 1
github.com/bradobro/gu/assertions.go:31.2,31.16 1 1
github.com/bradobro/gu/assertions.go:28.27,30.3 1 1
github.com/bradobro/gu/assertions.go:35.61,36.27 1 1
github.com/bradobro/gu/assertions.go:39.2,39.16 1 1
github.com/bradobro/gu/assertions.go:36.27,38.3 1 1
github.com/bradobro/gu/assertions.go:43.56,44.23 1 1
github.com/bradobro/gu/assertions.go:47.2,47.16 1 1
github.com/bradobro/gu/assertions.go:44.23,46.3 1 1
github.com/bradobro/gu/assertions.go:53.41,55.2 1 1
github.com/bradobro/gu/assertions.go:58.41,60.2 1 1
github.com/bradobro/gu/assertions.go:63.47,64.27 1 1
github.com/bradobro/gu/assertions.go:69.2,69.8 1 1
github.com/bradobro/gu/assertions.go:64.27,65.15 1 1
github.com/bradobro/gu/assertions.go:65.15,67.4 1 1
github.com/bradobro/gu/assertions.go:73.50,74.27 1 1
github.com/bradobro/gu/assertions.go:79.2,79.8 1 1
github.com/bradobro/gu/assertions.go:74.27,75.15 1 1
github.com/bradobro/gu/assertions.go:75.15,77.4 1 1
github.com/bradobro/gu/assertions.go:89.48,90.27 1 1
github.com/bradobro/gu/assertions.go:97.2,97.8 1 1
github.com/bradobro/gu/assertions.go:90.27,91.29 1 1
github.com/bradobro/gu/assertions.go:91.29,93.4 1 1
github.com/bradobro/gu/assertions.go:93.4,93.16 1 1
github.com/bradobro/gu/assertions.go:93.16,95.4 1 1
github.com/bradobro/gu/assertions.go:101.49,102.27 1 1
github.com/bradobro/gu/assertions.go:109.2,109.8 1 1
github.com/bradobro/gu/assertions.go:102.27,103.29 1 1
github.com/bradobro/gu/assertions.go:103.29,105.4 1 1
github.com/bradobro/gu/assertions.go:105.4,105.15 1 1
github.com/bradobro/gu/assertions.go:105.15,107.4 1 1
github.com/bradobro/gu/assertions.go:113.49,114.53 1 1
github.com/bradobro/gu/assertions.go:117.2,118.31 2 1
github.com/bradobro/gu/assertions.go:123.2,123.8 1 1
github.com/bradobro/gu/assertions.go:114.53,116.3 1 1
github.com/bradobro/gu/assertions.go:118.31,119.30 1 1
github.com/bradobro/gu/assertions.go:119.30,121.4 1 1
github.com/bradobro/gu/assertions.go:127.51,128.53 1 1
github.com/bradobro/gu/assertions.go:131.2,132.31 2 1
github.com/bradobro/gu/assertions.go:137.2,137.8 1 1
github.com/bradobro/gu/assertions.go:128.53,130.3 1 1
github.com/bradobro/gu/assertions.go:132.31,133.30 1 1
github.com/bradobro/gu/assertions.go:133.30,135.4 1 1
